<?xml version="1.0" encoding="UTF-8"?>
<!-- Generated by org.testng.reporters.JUnitXMLReporter -->
<testsuite ignored="0" hostname="DESKTOP-835H1HG" failures="0" tests="2" name="Default test" time="128.436" errors="0" timestamp="2023-10-02T16:04:09 IST">
  <testcase classname="com.govind.com.Meavenproject1.TestAnnations" name="loginlogoutTest" time="63.917"/>
  <testcase classname="com.govind.com.Meavenproject1.TestAnnations" name="titletest" time="5.031"/>
</testsuite> <!-- Default test -->
