<?xml version="1.0" encoding="UTF-8"?>
<testng-results ignored="0" total="2" passed="2" failed="0" skipped="0">
  <reporter-output>
  </reporter-output>
  <suite started-at="2023-10-02T16:02:00 IST" name="Default suite" finished-at="2023-10-02T16:04:09 IST" duration-ms="128436">
    <groups>
    </groups>
    <test started-at="2023-10-02T16:02:00 IST" name="Default test" finished-at="2023-10-02T16:04:09 IST" duration-ms="128436">
      <class name="com.govind.com.Meavenproject1.TestAnnations">
        <test-method is-config="true" signature="setup()[pri:0, instance:com.govind.com.Meavenproject1.TestAnnations@235834f2]" started-at="2023-10-02T16:02:01 IST" name="setup" finished-at="2023-10-02T16:02:31 IST" duration-ms="30107" status="PASS">
          <reporter-output>
          </reporter-output>
        </test-method> <!-- setup -->
        <test-method signature="loginlogoutTest()[pri:0, instance:com.govind.com.Meavenproject1.TestAnnations@235834f2]" started-at="2023-10-02T16:02:31 IST" name="loginlogoutTest" finished-at="2023-10-02T16:03:35 IST" duration-ms="63917" status="PASS">
          <reporter-output>
          </reporter-output>
        </test-method> <!-- loginlogoutTest -->
        <test-method is-config="true" signature="tearDown()[pri:0, instance:com.govind.com.Meavenproject1.TestAnnations@235834f2]" started-at="2023-10-02T16:03:35 IST" name="tearDown" finished-at="2023-10-02T16:03:36 IST" duration-ms="1114" status="PASS">
          <reporter-output>
          </reporter-output>
        </test-method> <!-- tearDown -->
        <test-method is-config="true" signature="setup()[pri:0, instance:com.govind.com.Meavenproject1.TestAnnations@235834f2]" started-at="2023-10-02T16:03:36 IST" name="setup" finished-at="2023-10-02T16:04:03 IST" duration-ms="27173" status="PASS">
          <reporter-output>
          </reporter-output>
        </test-method> <!-- setup -->
        <test-method signature="titletest()[pri:0, instance:com.govind.com.Meavenproject1.TestAnnations@235834f2]" started-at="2023-10-02T16:04:03 IST" name="titletest" finished-at="2023-10-02T16:04:08 IST" duration-ms="5031" status="PASS">
          <reporter-output>
          </reporter-output>
        </test-method> <!-- titletest -->
        <test-method is-config="true" signature="tearDown()[pri:0, instance:com.govind.com.Meavenproject1.TestAnnations@235834f2]" started-at="2023-10-02T16:04:08 IST" name="tearDown" finished-at="2023-10-02T16:04:09 IST" duration-ms="963" status="PASS">
          <reporter-output>
          </reporter-output>
        </test-method> <!-- tearDown -->
      </class> <!-- com.govind.com.Meavenproject1.TestAnnations -->
    </test> <!-- Default test -->
  </suite> <!-- Default suite -->
</testng-results>
